<?xml version="1.0" encoding="UTF-8"?>
<!-- Generated by org.testng.reporters.JUnitXMLReporter -->
<testsuite hostname="DESKTOP-TEQ8JFQ" ignored="0" name="Default test" tests="4" failures="0" timestamp="15 сен 2017 12:54:44 GMT" time="18.255" errors="0">
  <testcase name="firstCityIsCorrect" time="9.697" classname="by.htp.citygame.service.playerstest.PlayerImplTest"/>
  <testcase name="playerResponseIsCorrect" time="0.116" classname="by.htp.citygame.service.playerstest.PlayerImplTest"/>
  <testcase name="winnerIsCorrect" time="0.0" classname="by.htp.citygame.service.playerstest.PlayerImplTest"/>
  <testcase name="winnerIsNotNull" time="8.395" classname="by.htp.citygame.service.gametest.GameprocessImplTest"/>
</testsuite> <!-- Default test -->
