<?xml version="1.0" encoding="UTF-8"?>
<testng-results skipped="0" failed="0" ignored="0" total="4" passed="4">
  <reporter-output>
  </reporter-output>
  <suite name="Default suite" duration-ms="18255" started-at="2017-09-15T12:54:26Z" finished-at="2017-09-15T12:54:44Z">
    <groups>
    </groups>
    <test name="Default test" duration-ms="18255" started-at="2017-09-15T12:54:26Z" finished-at="2017-09-15T12:54:44Z">
      <class name="by.htp.citygame.service.playerstest.PlayerImplTest">
        <test-method status="PASS" signature="init()[pri:0, instance:by.htp.citygame.service.playerstest.PlayerImplTest@3a82f6ef]" name="init" is-config="true" duration-ms="31" started-at="2017-09-15T15:54:26Z" finished-at="2017-09-15T15:54:26Z">
          <reporter-output>
          </reporter-output>
        </test-method> <!-- init -->
        <test-method status="PASS" signature="firstCityIsCorrect()[pri:0, instance:by.htp.citygame.service.playerstest.PlayerImplTest@3a82f6ef]" name="firstCityIsCorrect" duration-ms="9697" started-at="2017-09-15T15:54:26Z" finished-at="2017-09-15T15:54:35Z">
          <reporter-output>
          </reporter-output>
        </test-method> <!-- firstCityIsCorrect -->
        <test-method status="PASS" signature="playerResponseIsCorrect()[pri:0, instance:by.htp.citygame.service.playerstest.PlayerImplTest@3a82f6ef]" name="playerResponseIsCorrect" duration-ms="116" started-at="2017-09-15T15:54:35Z" finished-at="2017-09-15T15:54:36Z">
          <reporter-output>
          </reporter-output>
        </test-method> <!-- playerResponseIsCorrect -->
        <test-method status="PASS" signature="winnerIsCorrect()[pri:0, instance:by.htp.citygame.service.playerstest.PlayerImplTest@3a82f6ef]" name="winnerIsCorrect" duration-ms="0" started-at="2017-09-15T15:54:36Z" finished-at="2017-09-15T15:54:36Z">
          <reporter-output>
          </reporter-output>
        </test-method> <!-- winnerIsCorrect -->
      </class> <!-- by.htp.citygame.service.playerstest.PlayerImplTest -->
      <class name="by.htp.citygame.service.gametest.GameprocessImplTest">
        <test-method status="PASS" signature="winnerIsNotNull()[pri:0, instance:by.htp.citygame.service.gametest.GameprocessImplTest@100fc185]" name="winnerIsNotNull" duration-ms="8395" started-at="2017-09-15T15:54:36Z" finished-at="2017-09-15T15:54:44Z">
          <reporter-output>
          </reporter-output>
        </test-method> <!-- winnerIsNotNull -->
        <test-method status="PASS" signature="init()[pri:0, instance:by.htp.citygame.service.gametest.GameprocessImplTest@100fc185]" name="init" is-config="true" duration-ms="0" started-at="2017-09-15T15:54:36Z" finished-at="2017-09-15T15:54:36Z">
          <reporter-output>
          </reporter-output>
        </test-method> <!-- init -->
      </class> <!-- by.htp.citygame.service.gametest.GameprocessImplTest -->
    </test> <!-- Default test -->
  </suite> <!-- Default suite -->
</testng-results>
